mode: set
chapter-15/exercises/exercise_01/main.go:29.41,32.20 2 1
chapter-15/exercises/exercise_01/main.go:32.20,34.3 1 1
chapter-15/exercises/exercise_01/main.go:36.2,39.16 4 1
chapter-15/exercises/exercise_01/main.go:39.16,41.3 1 1
chapter-15/exercises/exercise_01/main.go:42.2,43.16 2 1
chapter-15/exercises/exercise_01/main.go:43.16,45.3 1 1
chapter-15/exercises/exercise_01/main.go:46.2,51.8 1 1
chapter-15/exercises/exercise_01/main.go:54.57,55.23 1 1
chapter-15/exercises/exercise_01/main.go:55.23,57.17 2 1
chapter-15/exercises/exercise_01/main.go:57.17,58.12 1 1
chapter-15/exercises/exercise_01/main.go:60.3,61.19 2 1
chapter-15/exercises/exercise_01/main.go:62.12,63.34 1 1
chapter-15/exercises/exercise_01/main.go:64.12,65.34 1 1
chapter-15/exercises/exercise_01/main.go:66.12,67.34 1 1
chapter-15/exercises/exercise_01/main.go:68.12,69.34 1 1
chapter-15/exercises/exercise_01/main.go:70.11,71.12 1 1
chapter-15/exercises/exercise_01/main.go:75.3,79.16 2 1
chapter-15/exercises/exercise_01/main.go:81.2,81.12 1 1
chapter-15/exercises/exercise_01/main.go:84.47,85.20 1 1
chapter-15/exercises/exercise_01/main.go:85.20,89.3 1 1
chapter-15/exercises/exercise_01/main.go:92.50,95.71 3 1
chapter-15/exercises/exercise_01/main.go:95.71,100.17 4 1
chapter-15/exercises/exercise_01/main.go:100.17,104.4 3 0
chapter-15/exercises/exercise_01/main.go:106.3,106.10 1 1
chapter-15/exercises/exercise_01/main.go:107.20,107.20 0 1
chapter-15/exercises/exercise_01/main.go:109.11,114.10 4 0
chapter-15/exercises/exercise_01/main.go:116.3,117.50 2 1
chapter-15/exercises/exercise_01/main.go:121.13,127.16 5 0
chapter-15/exercises/exercise_01/main.go:127.16,128.13 1 0
chapter-15/exercises/exercise_01/main.go:130.2,133.16 4 0
chapter-15/exercises/exercise_01/main.go:133.16,135.3 1 0
